<?xml version="1.0" encoding="UTF-8"?>
<testsuite name="TestLibs" tests="1" skipped="0" failures="0" errors="0" timestamp="2016-10-31T21:50:44" hostname="SMATT-PC" time="10.709">
  <properties/>
  <testcase name="testDB" classname="TestLibs" time="10.709"/>
  <system-out><![CDATA[]]></system-out>
  <system-err><![CDATA[Oct 31, 2016 10:50:45 PM org.mongodb.morphia.logging.MorphiaLoggerFactory chooseLoggerFactory
INFO: LoggerImplFactory set to org.mongodb.morphia.logging.jdk.JDKLoggerFactory
[Test worker] INFO com.smatt.cc.db.DatabaseHelper - mongodb_uri is null
[Test worker] INFO org.mongodb.driver.cluster - Cluster created with settings {hosts=[ds135577.mlab.com:35577], mode=SINGLE, requiredClusterType=UNKNOWN, serverSelectionTimeout='30000 ms', maxWaitQueueSize=500}
[Test worker] INFO org.mongodb.driver.cluster - No server chosen by WritableServerSelector from cluster description ClusterDescription{type=UNKNOWN, connectionMode=SINGLE, all=[ServerDescription{address=ds135577.mlab.com:35577, type=UNKNOWN, state=CONNECTING}]}. Waiting for 30000 ms before timing out
[cluster-ClusterId{value='5817bcb6149a9c03641ff2fc', description='null'}-ds135577.mlab.com:35577] INFO org.mongodb.driver.connection - Opened connection [connectionId{localValue:1, serverValue:32069}] to ds135577.mlab.com:35577
[cluster-ClusterId{value='5817bcb6149a9c03641ff2fc', description='null'}-ds135577.mlab.com:35577] INFO org.mongodb.driver.cluster - Monitor thread successfully connected to server with description ServerDescription{address=ds135577.mlab.com:35577, type=REPLICA_SET_PRIMARY, state=CONNECTED, ok=true, version=ServerVersion{versionList=[3, 2, 10]}, minWireVersion=0, maxWireVersion=4, maxDocumentSize=16777216, roundTripTimeNanos=375057664, setName='rs-ds135577', canonicalAddress=ds135577-a.mlab.com:35577, hosts=[ds135577-a.mlab.com:35577], passives=[], arbiters=[], primary='ds135577-a.mlab.com:35577', tagSet=TagSet{[]}, electionId=7fffffff0000000000000001, setVersion=1}
[Test worker] INFO org.mongodb.driver.connection - Opened connection [connectionId{localValue:2, serverValue:32070}] to ds135577.mlab.com:35577
[Test worker] INFO com.smatt.cc.db.DatabaseHelper - Datastore initiated
]]></system-err>
</testsuite>
